\BOOKMARK [0][-]{chapter*.1}{}{}% 1
\BOOKMARK [0][-]{chapter*.2}{}{}% 2
\BOOKMARK [0][-]{chapter.1}{Introducci\363n}{}% 3
\BOOKMARK [1][-]{section.1.1}{Contexto Actual y Relevancia de la Programaci\363n}{chapter.1}% 4
\BOOKMARK [1][-]{section.1.2}{Motivaci\363n y Objetivo del TFG}{chapter.1}% 5
\BOOKMARK [1][-]{section.1.3}{Enfoque}{chapter.1}% 6
\BOOKMARK [2][-]{subsection.1.3.1}{Pilares del Proyecto}{section.1.3}% 7
\BOOKMARK [2][-]{subsection.1.3.2}{Desarrollo \301gil}{section.1.3}% 8
\BOOKMARK [1][-]{section.1.4}{Colaboraci\363n con Codelearn S.L.}{chapter.1}% 9
\BOOKMARK [1][-]{section.1.5}{Conclusi\363n}{chapter.1}% 10
\BOOKMARK [0][-]{chapter.2}{Estado del Arte y Trabajos Relacionados}{}% 11
\BOOKMARK [1][-]{section.2.1}{Definici\363n de los ITS}{chapter.2}% 12
\BOOKMARK [1][-]{section.2.2}{Evoluci\363n de los ITS}{chapter.2}% 13
\BOOKMARK [1][-]{section.2.3}{Aplicaciones actuales de los ITS}{chapter.2}% 14
\BOOKMARK [2][-]{subsection.2.3.1}{Educaci\363n K-12}{section.2.3}% 15
\BOOKMARK [2][-]{subsection.2.3.2}{Educaci\363n Superior}{section.2.3}% 16
\BOOKMARK [2][-]{subsection.2.3.3}{Formaci\363n y Capacitaci\363n Corporativa}{section.2.3}% 17
\BOOKMARK [2][-]{subsection.2.3.4}{Salud y Medicina}{section.2.3}% 18
\BOOKMARK [2][-]{subsection.2.3.5}{Defensa y Aviaci\363n}{section.2.3}% 19
\BOOKMARK [2][-]{subsection.2.3.6}{Juegos Educativos y Simuladores}{section.2.3}% 20
\BOOKMARK [1][-]{section.2.4}{Limitaciones y Desaf\355os}{chapter.2}% 21
\BOOKMARK [0][-]{chapter.3}{Planificaci\363n}{}% 22
\BOOKMARK [1][-]{section.3.1}{Fases}{chapter.3}% 23
\BOOKMARK [2][-]{subsection.3.1.1}{Fase Inicial}{section.3.1}% 24
\BOOKMARK [2][-]{subsection.3.1.2}{Fase de an\341lisis}{section.3.1}% 25
\BOOKMARK [2][-]{subsection.3.1.3}{Fase de desarrollo}{section.3.1}% 26
\BOOKMARK [2][-]{subsection.3.1.4}{Fase de prueba y correcci\363n}{section.3.1}% 27
\BOOKMARK [2][-]{subsection.3.1.5}{Elaboraci\363n de la memoria}{section.3.1}% 28
\BOOKMARK [1][-]{section.3.2}{Presupuesto}{chapter.3}% 29
\BOOKMARK [2][-]{subsection.3.2.1}{Licencias}{section.3.2}% 30
\BOOKMARK [2][-]{subsection.3.2.2}{Recursos Materiales}{section.3.2}% 31
\BOOKMARK [2][-]{subsection.3.2.3}{Costes de Personal}{section.3.2}% 32
\BOOKMARK [2][-]{subsection.3.2.4}{Otros costes}{section.3.2}% 33
\BOOKMARK [2][-]{subsection.3.2.5}{Total}{section.3.2}% 34
\BOOKMARK [0][-]{chapter.4}{An\341lisis y decisi\363n tecnol\363gica}{}% 35
\BOOKMARK [0][-]{chapter.5}{An\341lisis y Experimentaci\363n}{}% 36
\BOOKMARK [0][-]{chapter.6}{Resultados Experimentales}{}% 37
\BOOKMARK [0][-]{chapter.7}{Conclusiones y L\355neas de Trabajo Futuro}{}% 38
\BOOKMARK [0][-]{chapter.7}{Anexos}{}% 39
\BOOKMARK [0][-]{section*.9}{Glosario}{}% 40
\BOOKMARK [0][-]{appendix*.10}{Bibliograf\355a}{}% 41
\BOOKMARK [0][-]{appendix*.10}{Bibliograf\355a}{}% 42
